from django.core.exceptions import ObjectDoesNotExist
from django.db.models import signals
from django.db.models.aggregates import __all__ as aggregates_all
from django.db.models.base import DEFERRED, Model
from django.db.models.deletion import (
    CASCADE, DO_NOTHING, PROTECT, ProtectedError, SET, SET_DEFAULT, SET_NULL
)
from django.db.models.expressions import (
    Case, Exists, Expression, ExpressionWrapper, F, Func, OuterRef, Subquery,
    Value, When
)
from django.db.models.fields import __all__ as fields_all
from django.db.models.fields.files import FileField, ImageField
from django.db.models.fields.proxy import OrderWrt
from django.db.models.fields.related import (
    ForeignKey, ForeignObject, ManyToManyField, ManyToManyRel, ManyToOneRel,
    OneToOneField, OneToOneRel
)
from django.db.models.indexes import __all__ as indexes_all
from django.db.models.lookups import Lookup, Transform
from django.db.models.manager import Manager
from django.db.models.query import (
    Prefetch, Q, QuerySet, prefetch_related_objects
)
